{"level":"info","message":"Server running on port 5000"}
{"level":"info","message":"POST /api/generate-api-key"}
{"level":"info","message":"POST /api/generate-api-key/"}
{"level":"info","message":"POST /api/generate-api-key/"}
{"level":"info","message":"POST /api/patients"}
{"level":"info","message":"POST /api/patients"}
{"level":"info","message":"POST /api/generate-api-key/a"}
{"level":"info","message":"POST /api/generate-api-key/"}
{"level":"info","message":"POST /api/patients"}
{"level":"info","message":"POST /api/patients"}
{"level":"info","message":"POST /api/patients"}
{"level":"info","message":"POST /api/patients"}
{"level":"info","message":"POST /api/patients"}
{"level":"info","message":"Server running on port 5000"}
{"level":"info","message":"POST /api/patients"}
{"level":"info","message":"Server running on port 5000"}
{"level":"info","message":"POST /api/patients"}
{"level":"info","message":"Server running on port 5000"}
{"level":"info","message":"POST /api/patients"}
{"level":"info","message":"Server running on port 5000"}
{"level":"info","message":"POST /api/patients"}
{"level":"info","message":"Server running on port 5000"}
{"level":"info","message":"POST /api/patients"}
{"level":"info","message":"Server running on port 5000"}
{"level":"info","message":"POST /api/generate-api-key/"}
{"level":"info","message":"POST /api/patients"}
{"level":"info","message":"POST /api/patients"}
{"level":"info","message":"Server running on port 5000"}
{"level":"info","message":"POST /api/patients"}
{"level":"info","message":"Server running on port 5000"}
{"level":"info","message":"POST /api/patients"}
{"level":"info","message":"Server running on port 5000"}
{"level":"info","message":"POST /api/patients"}
{"level":"info","message":"Server running on port 5000"}
{"level":"info","message":"POST /api/patients"}
{"level":"info","message":"POST /api/patients"}
{"level":"info","message":"Server running on port 5000"}
{"level":"info","message":"POST /api/patients"}
{"level":"info","message":"Server running on port 5000"}
{"level":"info","message":"POST /api/patients"}
{"level":"info","message":"Server running on port 5000"}
{"level":"info","message":"POST /api/patients"}
{"level":"info","message":"Server running on port 5000"}
{"level":"info","message":"POST /api/patients"}
{"level":"info","message":"Server running on port 5000"}
{"level":"info","message":"POST /api/patients"}
{"level":"info","message":"Server running on port 5000"}
{"level":"info","message":"POST /api/patients"}
{"level":"info","message":"Server running on port 5000"}
{"level":"info","message":"POST /api/patients"}
{"level":"info","message":"Server running on port 5000"}
{"level":"info","message":"POST /api/patients"}
{"level":"info","message":"Server running on port 5000"}
{"level":"info","message":"POST /api/patients"}
{"level":"info","message":"Server running on port 5000"}
{"level":"info","message":"POST /api/patients"}
{"level":"info","message":"Server running on port 5000"}
{"level":"info","message":"Server running on port 5000"}
{"level":"info","message":"Server running on port 5000"}
{"level":"info","message":"POST /api/patients"}
{"level":"info","message":"Server running on port 5000"}
{"level":"info","message":"Server running on port 5000"}
{"level":"info","message":"Server running on port 5000"}
{"level":"info","message":"Server running on port 5000"}
{"level":"info","message":"Server running on port 5000"}
{"level":"info","message":"Server running on port 5000"}
{"level":"info","message":"Server running on port 5000"}
{"level":"info","message":"Server running on port 5000"}
{"level":"info","message":"Server running on port 5000"}
{"level":"info","message":"POST /api/patients"}
{"level":"info","message":"Server running on port 5000"}
{"level":"info","message":"POST /api/charges"}
{"level":"info","message":"Server running on port 5000"}
{"level":"info","message":"Server running on port 5000"}
{"level":"info","message":"Server running on port 5000"}
{"level":"info","message":"Server running on port 5000"}
{"level":"info","message":"Server running on port 5000"}
{"level":"info","message":"Server running on port 5000"}
{"level":"info","message":"Server running on port 5000"}
{"level":"info","message":"POST /api/patients"}
{"level":"info","message":"POST /api/charges"}
{"level":"info","message":"Server running on port 5000"}
{"level":"info","message":"POST /api/charges"}
{"level":"info","message":"Server running on port 5000"}
{"level":"info","message":"POST /api/charges"}
{"level":"info","message":"Server running on port 5000"}
{"level":"info","message":"POST /api/patients"}
{"level":"info","message":"Server running on port 5000"}
{"level":"info","message":"POST /api/patients"}
{"level":"info","message":"POST /api/patients"}
{"level":"info","message":"POST /api/patients"}
{"level":"info","message":"Server running on port 5000"}
{"level":"info","message":"Server running on port 5000"}
{"level":"info","message":"Server running on port 5000"}
{"level":"info","message":"POST /api/charges"}
{"level":"info","message":"POST /api/charges"}
{"level":"info","message":"POST /api/charges"}
{"level":"info","message":"POST /api/charges"}
{"level":"info","message":"POST /api/charges"}
{"level":"info","message":"Server running on port 5000"}
{"level":"info","message":"POST /api/charges"}
{"level":"info","message":"Server running on port 5000"}
{"level":"info","message":"Server running on port 5000"}
{"level":"info","message":"Server running on port 5000"}
{"level":"info","message":"POST /api/generate-api-key/"}
{"level":"info","message":"POST /api/generate-api-key/"}
{"level":"info","message":"Server running on port 5000"}
{"level":"info","message":"Server running on port 5000"}
{"level":"info","message":"Server running on port 5000"}
{"level":"info","message":"POST /api/generate-api-key/"}
{"level":"info","message":"Server running on port 5000"}
{"level":"info","message":"POST /api/generate-api-key/"}
{"level":"info","message":"Server running on port 5000"}
{"level":"info","message":"POST /api/generate-api-key/"}
{"level":"info","message":"Server running on port 5000"}
{"level":"info","message":"POST /api/generate-api-key/"}
{"level":"info","message":"Server running on port 5000"}
{"level":"info","message":"POST /api/generate-api-key/"}
{"level":"info","message":"Server running on port 5000"}
{"level":"info","message":"Server running on port 5000"}
{"level":"info","message":"GET /ipaddress"}
{"level":"info","message":"GET /favicon.ico"}
{"level":"info","message":"Server running on port 5000"}
{"level":"info","message":"POST /api/generate-api-key/"}
{"level":"info","message":"Server running on port 5000"}
{"level":"info","message":"Server running on port 5000"}
{"level":"info","message":"POST /api/generate-api-key/"}
{"level":"info","message":"GET /ipaddress"}
{"level":"info","message":"GET /ipaddress"}
